<?xml version="1.0" encoding="UTF-8"?>
<robot generator="Robot 3.2.1 (Python 3.7.1 on win32)" generated="20200508 17:09:52.574" rpa="false">
<suite id="s1" name="TC1" source="C:\Myproject\RF_Pjt2\TestSuite\TC1.robot">
<test id="s1-t1" name="Loginurl">
<kw name="Open Browser" library="SeleniumLibrary">
<doc>Opens a new browser instance to the optional ``url``.</doc>
<arguments>
<arg>${url}</arg>
<arg>${browser}</arg>
</arguments>
<msg timestamp="20200508 17:09:52.840" level="INFO">Opening browser 'chrome' to base url 'http://automationpractice.com/index.php'.</msg>
<status status="PASS" starttime="20200508 17:09:52.840" endtime="20200508 17:10:52.983"></status>
</kw>
<kw name="Close Browser" library="SeleniumLibrary">
<doc>Closes the current browser.</doc>
<status status="PASS" starttime="20200508 17:10:52.983" endtime="20200508 17:10:57.030"></status>
</kw>
<status status="PASS" starttime="20200508 17:09:52.840" endtime="20200508 17:10:57.030" critical="yes"></status>
</test>
<status status="PASS" starttime="20200508 17:09:52.574" endtime="20200508 17:10:57.030"></status>
</suite>
<statistics>
<total>
<stat pass="1" fail="0">Critical Tests</stat>
<stat pass="1" fail="0">All Tests</stat>
</total>
<tag>
</tag>
<suite>
<stat pass="1" fail="0" id="s1" name="TC1">TC1</stat>
</suite>
</statistics>
<errors>
</errors>
</robot>
